[debug] [2026-07-21T06:49:45.421Z] ----------------------------------------------------------------------
[debug] [2026-07-21T06:49:45.423Z] Command:       C:\Program Files\nodejs\node.exe C:\Users\Owner\AppData\Roaming\npm\node_modules\firebase-tools\lib\bin\firebase.js projects:create akoka-solve-prod
[debug] [2026-07-21T06:49:45.423Z] CLI Version:   15.22.4
[debug] [2026-07-21T06:49:45.423Z] Platform:      win32
[debug] [2026-07-21T06:49:45.423Z] Node Version:  v24.15.0
[debug] [2026-07-21T06:49:45.423Z] Detected Agent: antigravity
[debug] [2026-07-21T06:49:45.423Z] Time:          Tue Jul 21 2026 07:49:45 GMT+0100 (West Africa Time)
[debug] [2026-07-21T06:49:45.423Z] ----------------------------------------------------------------------
[debug] 
[debug] [2026-07-21T06:49:45.432Z] > command requires scopes: ["email","openid","https://www.googleapis.com/auth/cloudplatformprojects.readonly","https://www.googleapis.com/auth/firebase","https://www.googleapis.com/auth/cloud-platform"]
[debug] [2026-07-21T06:49:45.432Z] > authorizing via signed-in user (neyi.j.oyedele@gmail.com)
[debug] [2026-07-21T06:49:45.435Z] Checked if tokens are valid: true, expires at: 1784619961519
[debug] [2026-07-21T06:49:45.435Z] Checked if tokens are valid: true, expires at: 1784619961519
[debug] [2026-07-21T06:49:45.436Z] >>> [apiv2][query] POST https://cloudresourcemanager.googleapis.com/v1/projects [none]
[debug] [2026-07-21T06:49:45.436Z] >>> [apiv2][body] POST https://cloudresourcemanager.googleapis.com/v1/projects {"projectId":"akoka-solve-prod","name":"akoka-solve-prod"}
[debug] [2026-07-21T06:49:46.164Z] <<< [apiv2][status] POST https://cloudresourcemanager.googleapis.com/v1/projects 200
[debug] [2026-07-21T06:49:46.165Z] <<< [apiv2][body] POST https://cloudresourcemanager.googleapis.com/v1/projects {"name":"operations/create_project.global.7785317733136159867"}
[debug] [2026-07-21T06:49:46.165Z] Checked if tokens are valid: true, expires at: 1784619961519
[debug] [2026-07-21T06:49:46.165Z] Checked if tokens are valid: true, expires at: 1784619961519
[debug] [2026-07-21T06:49:46.165Z] >>> [apiv2][query] GET https://cloudresourcemanager.googleapis.com/v1/operations/create_project.global.7785317733136159867 [none]
[debug] [2026-07-21T06:49:46.877Z] <<< [apiv2][status] GET https://cloudresourcemanager.googleapis.com/v1/operations/create_project.global.7785317733136159867 200
[debug] [2026-07-21T06:49:46.878Z] <<< [apiv2][body] GET https://cloudresourcemanager.googleapis.com/v1/operations/create_project.global.7785317733136159867 {"name":"operations/create_project.global.7785317733136159867","metadata":{"@type":"type.googleapis.com/google.cloudresourcemanager.v1.ProjectCreationStatus","ready":true},"done":true,"error":{"code":8,"message":"The project cannot be created because you have exceeded your allotted project quota.","details":[{"@type":"type.googleapis.com/google.rpc.QuotaFailure","violations":[{"description":"The project cannot be created because you have exceeded your allotted project quota."}]}]}}
[debug] [2026-07-21T06:49:47.126Z] FirebaseError: The project cannot be created because you have exceeded your allotted project quota.
    at OperationPoller.poll (C:\Users\Owner\AppData\Roaming\npm\node_modules\firebase-tools\lib\operation-poller.js:25:19)
    at process.processTicksAndRejections (node:internal/process/task_queues:104:5)
    at async createCloudProject (C:\Users\Owner\AppData\Roaming\npm\node_modules\firebase-tools\lib\management\projects.js:237:29)
    at async createFirebaseProjectAndLog (C:\Users\Owner\AppData\Roaming\npm\node_modules\firebase-tools\lib\management\projects.js:102:9)
[error] 
[error] Error: Failed to create project. See firebase-debug.log for more info.
